C:\USERS\RENé\DOCUMENTS\HOGESCHOOL\AMP2\LABO\PROJECTEN\LAB08_GAME_ASSIGNMENT\AMP2GAME ASSIGNMENT\THERUSSIANSINVADEDTHEMOON\DEBUG\ABSTRACTGAME.OBJ
C:\USERS\RENé\DOCUMENTS\HOGESCHOOL\AMP2\LABO\PROJECTEN\LAB08_GAME_ASSIGNMENT\AMP2GAME ASSIGNMENT\THERUSSIANSINVADEDTHEMOON\DEBUG\BLACKHOLE.OBJ
C:\USERS\RENé\DOCUMENTS\HOGESCHOOL\AMP2\LABO\PROJECTEN\LAB08_GAME_ASSIGNMENT\AMP2GAME ASSIGNMENT\THERUSSIANSINVADEDTHEMOON\DEBUG\BULLET.OBJ
C:\USERS\RENé\DOCUMENTS\HOGESCHOOL\AMP2\LABO\PROJECTEN\LAB08_GAME_ASSIGNMENT\AMP2GAME ASSIGNMENT\THERUSSIANSINVADEDTHEMOON\DEBUG\BULLETLIST.OBJ
C:\USERS\RENé\DOCUMENTS\HOGESCHOOL\AMP2\LABO\PROJECTEN\LAB08_GAME_ASSIGNMENT\AMP2GAME ASSIGNMENT\THERUSSIANSINVADEDTHEMOON\DEBUG\FUELBASE.OBJ
C:\USERS\RENé\DOCUMENTS\HOGESCHOOL\AMP2\LABO\PROJECTEN\LAB08_GAME_ASSIGNMENT\AMP2GAME ASSIGNMENT\THERUSSIANSINVADEDTHEMOON\DEBUG\GAMEENGINE.OBJ
C:\USERS\RENé\DOCUMENTS\HOGESCHOOL\AMP2\LABO\PROJECTEN\LAB08_GAME_ASSIGNMENT\AMP2GAME ASSIGNMENT\THERUSSIANSINVADEDTHEMOON\DEBUG\GAMEWINMAIN.OBJ
C:\USERS\RENé\DOCUMENTS\HOGESCHOOL\AMP2\LABO\PROJECTEN\LAB08_GAME_ASSIGNMENT\AMP2GAME ASSIGNMENT\THERUSSIANSINVADEDTHEMOON\DEBUG\MOONLANDER.OBJ
C:\USERS\RENé\DOCUMENTS\HOGESCHOOL\AMP2\LABO\PROJECTEN\LAB08_GAME_ASSIGNMENT\AMP2GAME ASSIGNMENT\THERUSSIANSINVADEDTHEMOON\DEBUG\RUSSIANBASE.OBJ
C:\USERS\RENé\DOCUMENTS\HOGESCHOOL\AMP2\LABO\PROJECTEN\LAB08_GAME_ASSIGNMENT\AMP2GAME ASSIGNMENT\THERUSSIANSINVADEDTHEMOON\DEBUG\RUSSIANBASEBULLET.OBJ
C:\USERS\RENé\DOCUMENTS\HOGESCHOOL\AMP2\LABO\PROJECTEN\LAB08_GAME_ASSIGNMENT\AMP2GAME ASSIGNMENT\THERUSSIANSINVADEDTHEMOON\DEBUG\THERUSSIANSINVADEDTHEMOON.OBJ
C:\USERS\RENÉ\DOCUMENTS\HOGESCHOOL\AMP2\LABO\PROJECTEN\LAB08_GAME_ASSIGNMENT\AMP2GAME ASSIGNMENT\THERUSSIANSINVADEDTHEMOON\DEBUG\VC110.PDB
C:\USERS\RENé\DOCUMENTS\HOGESCHOOL\AMP2\LABO\PROJECTEN\LAB08_GAME_ASSIGNMENT\AMP2GAME ASSIGNMENT\THERUSSIANSINVADEDTHEMOON\DEBUG\THERUSSIANSINVADEDTHEMOON.ILK
C:\USERS\RENé\DOCUMENTS\HOGESCHOOL\AMP2\LABO\PROJECTEN\LAB08_GAME_ASSIGNMENT\AMP2GAME ASSIGNMENT\THERUSSIANSINVADEDTHEMOON\DEBUG\THERUSSIANSINVADEDTHEMOON.EXE
C:\USERS\RENÉ\DOCUMENTS\HOGESCHOOL\AMP2\LABO\PROJECTEN\LAB08_GAME_ASSIGNMENT\AMP2GAME ASSIGNMENT\THERUSSIANSINVADEDTHEMOON\DEBUG\THERUSSIANSINVADEDTHEMOON.PDB
C:\USERS\RENé\DOCUMENTS\HOGESCHOOL\AMP2\LABO\PROJECTEN\LAB08_GAME_ASSIGNMENT\AMP2GAME ASSIGNMENT\THERUSSIANSINVADEDTHEMOON\DEBUG\THERUSSIANSINVADEDTHEMOON.RES
C:\Users\René\Documents\hogeschool\AMP2\Labo\projecten\Lab08_Game_Assignment\AMP2Game Assignment\TheRussiansInvadedTheMoon\Debug\AbstractGame.obj
C:\Users\René\Documents\hogeschool\AMP2\Labo\projecten\Lab08_Game_Assignment\AMP2Game Assignment\TheRussiansInvadedTheMoon\Debug\Blackhole.obj
C:\Users\René\Documents\hogeschool\AMP2\Labo\projecten\Lab08_Game_Assignment\AMP2Game Assignment\TheRussiansInvadedTheMoon\Debug\Bullet.obj
C:\Users\René\Documents\hogeschool\AMP2\Labo\projecten\Lab08_Game_Assignment\AMP2Game Assignment\TheRussiansInvadedTheMoon\Debug\BulletList.obj
C:\Users\René\Documents\hogeschool\AMP2\Labo\projecten\Lab08_Game_Assignment\AMP2Game Assignment\TheRussiansInvadedTheMoon\Debug\Fuelbase.obj
C:\Users\René\Documents\hogeschool\AMP2\Labo\projecten\Lab08_Game_Assignment\AMP2Game Assignment\TheRussiansInvadedTheMoon\Debug\GameEngine.obj
C:\Users\René\Documents\hogeschool\AMP2\Labo\projecten\Lab08_Game_Assignment\AMP2Game Assignment\TheRussiansInvadedTheMoon\Debug\GameWinMain.obj
C:\Users\René\Documents\hogeschool\AMP2\Labo\projecten\Lab08_Game_Assignment\AMP2Game Assignment\TheRussiansInvadedTheMoon\Debug\Moonlander.obj
C:\Users\René\Documents\hogeschool\AMP2\Labo\projecten\Lab08_Game_Assignment\AMP2Game Assignment\TheRussiansInvadedTheMoon\Debug\Russianbase.obj
C:\Users\René\Documents\hogeschool\AMP2\Labo\projecten\Lab08_Game_Assignment\AMP2Game Assignment\TheRussiansInvadedTheMoon\Debug\RussianBaseBullet.obj
C:\Users\René\Documents\hogeschool\AMP2\Labo\projecten\Lab08_Game_Assignment\AMP2Game Assignment\TheRussiansInvadedTheMoon\Debug\TheRussiansInvadedTheMoon.obj
C:\Users\René\Documents\hogeschool\AMP2\Labo\projecten\Lab08_Game_Assignment\AMP2Game Assignment\TheRussiansInvadedTheMoon\Debug\TheRussiansInvadedTheMoon.ilk
C:\Users\René\Documents\hogeschool\AMP2\Labo\projecten\Lab08_Game_Assignment\AMP2Game Assignment\TheRussiansInvadedTheMoon\Debug\cl.command.1.tlog
C:\Users\René\Documents\hogeschool\AMP2\Labo\projecten\Lab08_Game_Assignment\AMP2Game Assignment\TheRussiansInvadedTheMoon\Debug\CL.read.1.tlog
C:\Users\René\Documents\hogeschool\AMP2\Labo\projecten\Lab08_Game_Assignment\AMP2Game Assignment\TheRussiansInvadedTheMoon\Debug\CL.write.1.tlog
C:\Users\René\Documents\hogeschool\AMP2\Labo\projecten\Lab08_Game_Assignment\AMP2Game Assignment\TheRussiansInvadedTheMoon\Debug\link-cvtres.read.1.tlog
C:\Users\René\Documents\hogeschool\AMP2\Labo\projecten\Lab08_Game_Assignment\AMP2Game Assignment\TheRussiansInvadedTheMoon\Debug\link-cvtres.write.1.tlog
C:\Users\René\Documents\hogeschool\AMP2\Labo\projecten\Lab08_Game_Assignment\AMP2Game Assignment\TheRussiansInvadedTheMoon\Debug\link-rc.read.1.tlog
C:\Users\René\Documents\hogeschool\AMP2\Labo\projecten\Lab08_Game_Assignment\AMP2Game Assignment\TheRussiansInvadedTheMoon\Debug\link-rc.write.1.tlog
C:\Users\René\Documents\hogeschool\AMP2\Labo\projecten\Lab08_Game_Assignment\AMP2Game Assignment\TheRussiansInvadedTheMoon\Debug\link.command.1.tlog
C:\Users\René\Documents\hogeschool\AMP2\Labo\projecten\Lab08_Game_Assignment\AMP2Game Assignment\TheRussiansInvadedTheMoon\Debug\link.read.1.tlog
C:\Users\René\Documents\hogeschool\AMP2\Labo\projecten\Lab08_Game_Assignment\AMP2Game Assignment\TheRussiansInvadedTheMoon\Debug\link.write.1.tlog
C:\Users\René\Documents\hogeschool\AMP2\Labo\projecten\Lab08_Game_Assignment\AMP2Game Assignment\TheRussiansInvadedTheMoon\Debug\rc.command.1.tlog
C:\Users\René\Documents\hogeschool\AMP2\Labo\projecten\Lab08_Game_Assignment\AMP2Game Assignment\TheRussiansInvadedTheMoon\Debug\rc.read.1.tlog
C:\Users\René\Documents\hogeschool\AMP2\Labo\projecten\Lab08_Game_Assignment\AMP2Game Assignment\TheRussiansInvadedTheMoon\Debug\rc.write.1.tlog
C:\Users\René\Documents\hogeschool\AMP2\Labo\projecten\Lab08_Game_Assignment\AMP2Game Assignment\TheRussiansInvadedTheMoon\Debug\TheRussiansInvadedTheMoon.res
C:\Users\René\Documents\hogeschool\AMP2\Labo\projecten\Lab08_Game_Assignment\AMP2Game Assignment\TheRussiansInvadedTheMoon\Debug\vc110.idb
C:\Users\René\Documents\hogeschool\AMP2\Labo\projecten\Lab08_Game_Assignment\AMP2Game Assignment\TheRussiansInvadedTheMoon\Debug\TheRussiansInvadedTheMoon.pdb
C:\Users\René\Documents\hogeschool\AMP2\Labo\projecten\Lab08_Game_Assignment\AMP2Game Assignment\TheRussiansInvadedTheMoon\Debug\vc110.pdb
C:\Users\René\Documents\hogeschool\AMP2\Labo\projecten\Lab08_Game_Assignment\AMP2Game Assignment\TheRussiansInvadedTheMoon\Debug\TheRussiansInvadedTheMoon.exe
